PLINK v1.90b6.21 64-bit (19 Oct 2020)
Options in effect:
  --bfile extractedChrAll.Pruned
  --out extractedChrAll.Pruned.PCA
  --pca 10

Hostname: bioabvm03.biosci.gatech.edu
Working directory: /home/ssharma454/BIOL8803/class-notebooks/shinyAppPCA/1KGP
Start time: Wed Sep  7 02:08:27 2022

Random number seed: 1662530907
511706 MB RAM detected; reserving 255853 MB for main workspace.
27221 variants loaded from .bim file.
2504 people (0 males, 0 females, 2504 ambiguous) loaded from .fam.
Ambiguous sex IDs written to extractedChrAll.Pruned.PCA.nosex .
Using up to 27 threads (change this with --threads).
Before main variant filters, 2504 founders and 0 nonfounders present.
Calculating allele frequencies... done.
27221 variants and 2504 people pass filters and QC.
Note: No phenotypes present.
Relationship matrix calculation complete.
--pca: Results saved to extractedChrAll.Pruned.PCA.eigenval and
extractedChrAll.Pruned.PCA.eigenvec .

End time: Wed Sep  7 02:08:30 2022
