PLINK v1.90b6.21 64-bit (19 Oct 2020)
Options in effect:
  --bfile /home/ssharma454/BIOL8803/class-notebooks/shinyAppPCA/1KGP/tmp/subsetExtractedChrAll
  --out /home/ssharma454/BIOL8803/class-notebooks/shinyAppPCA/1KGP/tmp/subsetExtractedChrAll.PCA
  --pca 10

Hostname: bioabvm03.biosci.gatech.edu
Working directory: /home/ssharma454/BIOL8803/class-notebooks/shinyAppPCA
Start time: Wed Sep  7 03:38:18 2022

Random number seed: 1662536298
511706 MB RAM detected; reserving 255853 MB for main workspace.
27221 variants loaded from .bim file.
204 people (0 males, 0 females, 204 ambiguous) loaded from .fam.
Ambiguous sex IDs written to
/home/ssharma454/BIOL8803/class-notebooks/shinyAppPCA/1KGP/tmp/subsetExtractedChrAll.PCA.nosex
.
Using up to 27 threads (change this with --threads).
Before main variant filters, 204 founders and 0 nonfounders present.
Calculating allele frequencies... done.
27221 variants and 204 people pass filters and QC.
Note: No phenotypes present.
Relationship matrix calculation complete.
--pca: Results saved to
/home/ssharma454/BIOL8803/class-notebooks/shinyAppPCA/1KGP/tmp/subsetExtractedChrAll.PCA.eigenval
and
/home/ssharma454/BIOL8803/class-notebooks/shinyAppPCA/1KGP/tmp/subsetExtractedChrAll.PCA.eigenvec
.

End time: Wed Sep  7 03:38:18 2022
