PLINK v1.90b6.21 64-bit (19 Oct 2020)
Options in effect:
  --bfile /home/ssharma454/BIOL8803/class-notebooks/shinyAppPCA/1KGP/extractedChrAll.Pruned
  --keep-fam /home/ssharma454/BIOL8803/class-notebooks/shinyAppPCA/1KGP/tmp/popsSelected.txt
  --make-bed
  --out /home/ssharma454/BIOL8803/class-notebooks/shinyAppPCA/1KGP/tmp/subsetExtractedChrAll

Hostname: bioabvm03.biosci.gatech.edu
Working directory: /home/ssharma454/BIOL8803/class-notebooks/shinyAppPCA
Start time: Wed Sep  7 03:38:17 2022

Random number seed: 1662536297
511706 MB RAM detected; reserving 255853 MB for main workspace.
27221 variants loaded from .bim file.
2504 people (0 males, 0 females, 2504 ambiguous) loaded from .fam.
Ambiguous sex IDs written to
/home/ssharma454/BIOL8803/class-notebooks/shinyAppPCA/1KGP/tmp/subsetExtractedChrAll.nosex
.
--keep-fam: 204 people remaining.
Using 1 thread (no multithreaded calculations invoked).
Before main variant filters, 204 founders and 0 nonfounders present.
Calculating allele frequencies... done.
27221 variants and 204 people pass filters and QC.
Note: No phenotypes present.
--make-bed to
/home/ssharma454/BIOL8803/class-notebooks/shinyAppPCA/1KGP/tmp/subsetExtractedChrAll.bed
+
/home/ssharma454/BIOL8803/class-notebooks/shinyAppPCA/1KGP/tmp/subsetExtractedChrAll.bim
+
/home/ssharma454/BIOL8803/class-notebooks/shinyAppPCA/1KGP/tmp/subsetExtractedChrAll.fam
... done.

End time: Wed Sep  7 03:38:18 2022
